{"C:\\Users\\dream\\Projects\\blog\\scripts\\post-utils.js": {"path":"C:\\Users\\dream\\Projects\\blog\\scripts\\post-utils.js","statementMap":{"0":{"start":{"line":7,"column":21},"end":{"line":7,"column":72}},"1":{"start":{"line":8,"column":16},"end":{"line":8,"column":69}},"2":{"start":{"line":9,"column":2},"end":{"line":9,"column":58}},"3":{"start":{"line":9,"column":14},"end":{"line":9,"column":58}},"4":{"start":{"line":11,"column":28},"end":{"line":11,"column":33}},"5":{"start":{"line":12,"column":22},"end":{"line":12,"column":24}},"6":{"start":{"line":14,"column":2},"end":{"line":39,"column":4}},"7":{"start":{"line":15,"column":23},"end":{"line":15,"column":52}},"8":{"start":{"line":16,"column":4},"end":{"line":16,"column":60}},"9":{"start":{"line":16,"column":20},"end":{"line":16,"column":60}},"10":{"start":{"line":18,"column":22},"end":{"line":18,"column":50}},"11":{"start":{"line":19,"column":4},"end":{"line":19,"column":57}},"12":{"start":{"line":19,"column":19},"end":{"line":19,"column":57}},"13":{"start":{"line":21,"column":24},"end":{"line":21,"column":55}},"14":{"start":{"line":22,"column":4},"end":{"line":32,"column":5}},"15":{"start":{"line":23,"column":20},"end":{"line":23,"column":55}},"16":{"start":{"line":24,"column":6},"end":{"line":31,"column":7}},"17":{"start":{"line":25,"column":8},"end":{"line":25,"column":33}},"18":{"start":{"line":26,"column":13},"end":{"line":31,"column":7}},"19":{"start":{"line":27,"column":8},"end":{"line":27,"column":34}},"20":{"start":{"line":29,"column":20},"end":{"line":29,"column":39}},"21":{"start":{"line":30,"column":8},"end":{"line":30,"column":53}},"22":{"start":{"line":34,"column":22},"end":{"line":34,"column":57}},"23":{"start":{"line":35,"column":4},"end":{"line":35,"column":64}},"24":{"start":{"line":35,"column":19},"end":{"line":35,"column":64}},"25":{"start":{"line":37,"column":22},"end":{"line":37,"column":50}},"26":{"start":{"line":38,"column":4},"end":{"line":38,"column":57}},"27":{"start":{"line":38,"column":19},"end":{"line":38,"column":57}},"28":{"start":{"line":41,"column":20},"end":{"line":41,"column":66}},"29":{"start":{"line":42,"column":2},"end":{"line":49,"column":3}},"30":{"start":{"line":43,"column":4},"end":{"line":46,"column":22}},"31":{"start":{"line":45,"column":19},"end":{"line":45,"column":59}},"32":{"start":{"line":48,"column":4},"end":{"line":48,"column":25}},"33":{"start":{"line":51,"column":2},"end":{"line":51,"column":30}},"34":{"start":{"line":58,"column":16},"end":{"line":58,"column":41}},"35":{"start":{"line":59,"column":2},"end":{"line":59,"column":39}},"36":{"start":{"line":66,"column":2},"end":{"line":87,"column":11}},"37":{"start":{"line":94,"column":22},"end":{"line":94,"column":57}},"38":{"start":{"line":97,"column":28},"end":{"line":97,"column":60}},"39":{"start":{"line":98,"column":2},"end":{"line":103,"column":3}},"40":{"start":{"line":99,"column":17},"end":{"line":99,"column":73}},"41":{"start":{"line":100,"column":4},"end":{"line":102,"column":5}},"42":{"start":{"line":101,"column":6},"end":{"line":101,"column":78}},"43":{"start":{"line":106,"column":2},"end":{"line":121,"column":3}},"44":{"start":{"line":107,"column":19},"end":{"line":107,"column":36}},"45":{"start":{"line":108,"column":25},"end":{"line":108,"column":66}},"46":{"start":{"line":110,"column":25},"end":{"line":110,"column":56}},"47":{"start":{"line":111,"column":4},"end":{"line":120,"column":5}},"48":{"start":{"line":112,"column":27},"end":{"line":112,"column":89}},"49":{"start":{"line":113,"column":24},"end":{"line":113,"column":57}},"50":{"start":{"line":114,"column":22},"end":{"line":114,"column":87}},"51":{"start":{"line":116,"column":19},"end":{"line":116,"column":37}},"52":{"start":{"line":117,"column":6},"end":{"line":119,"column":7}},"53":{"start":{"line":118,"column":8},"end":{"line":118,"column":80}},"54":{"start":{"line":123,"column":15},"end":{"line":123,"column":37}},"55":{"start":{"line":124,"column":2},"end":{"line":124,"column":74}},"56":{"start":{"line":131,"column":2},"end":{"line":135,"column":16}},"57":{"start":{"line":142,"column":2},"end":{"line":158,"column":4}},"58":{"start":{"line":143,"column":22},"end":{"line":143,"column":50}},"59":{"start":{"line":144,"column":22},"end":{"line":144,"column":50}},"60":{"start":{"line":145,"column":22},"end":{"line":145,"column":52}},"61":{"start":{"line":146,"column":22},"end":{"line":146,"column":52}},"62":{"start":{"line":148,"column":4},"end":{"line":148,"column":42}},"63":{"start":{"line":148,"column":33},"end":{"line":148,"column":42}},"64":{"start":{"line":149,"column":4},"end":{"line":149,"column":41}},"65":{"start":{"line":149,"column":33},"end":{"line":149,"column":41}},"66":{"start":{"line":151,"column":4},"end":{"line":155,"column":5}},"67":{"start":{"line":152,"column":6},"end":{"line":152,"column":44}},"68":{"start":{"line":152,"column":35},"end":{"line":152,"column":44}},"69":{"start":{"line":153,"column":6},"end":{"line":153,"column":43}},"70":{"start":{"line":153,"column":35},"end":{"line":153,"column":43}},"71":{"start":{"line":154,"column":6},"end":{"line":154,"column":60}},"72":{"start":{"line":154,"column":34},"end":{"line":154,"column":60}},"73":{"start":{"line":157,"column":4},"end":{"line":157,"column":66}},"74":{"start":{"line":165,"column":17},"end":{"line":165,"column":26}},"75":{"start":{"line":167,"column":19},"end":{"line":202,"column":3}},"76":{"start":{"line":169,"column":27},"end":{"line":169,"column":61}},"77":{"start":{"line":170,"column":6},"end":{"line":173,"column":7}},"78":{"start":{"line":171,"column":22},"end":{"line":171,"column":44}},"79":{"start":{"line":172,"column":8},"end":{"line":172,"column":96}},"80":{"start":{"line":174,"column":6},"end":{"line":174,"column":29}},"81":{"start":{"line":178,"column":21},"end":{"line":178,"column":45}},"82":{"start":{"line":179,"column":20},"end":{"line":179,"column":45}},"83":{"start":{"line":180,"column":6},"end":{"line":180,"column":37}},"84":{"start":{"line":181,"column":17},"end":{"line":181,"column":60}},"85":{"start":{"line":182,"column":6},"end":{"line":182,"column":121}},"86":{"start":{"line":186,"column":6},"end":{"line":186,"column":55}},"87":{"start":{"line":190,"column":25},"end":{"line":190,"column":92}},"88":{"start":{"line":191,"column":24},"end":{"line":191,"column":56}},"89":{"start":{"line":192,"column":6},"end":{"line":194,"column":7}},"90":{"start":{"line":193,"column":8},"end":{"line":193,"column":100}},"91":{"start":{"line":195,"column":6},"end":{"line":195,"column":56}},"92":{"start":{"line":199,"column":24},"end":{"line":199,"column":56}},"93":{"start":{"line":200,"column":6},"end":{"line":200,"column":83}},"94":{"start":{"line":204,"column":2},"end":{"line":207,"column":3}},"95":{"start":{"line":206,"column":27},"end":{"line":206,"column":47}},"96":{"start":{"line":211,"column":21},"end":{"line":211,"column":43}},"97":{"start":{"line":212,"column":0},"end":{"line":212,"column":24}}},"fnMap":{"0":{"name":"parseFrontmatter","decl":{"start":{"line":6,"column":16},"end":{"line":6,"column":32}},"loc":{"start":{"line":6,"column":42},"end":{"line":52,"column":1}},"line":6},"1":{"name":"(anonymous_1)","decl":{"start":{"line":14,"column":30},"end":{"line":14,"column":34}},"loc":{"start":{"line":14,"column":38},"end":{"line":39,"column":3}},"line":14},"2":{"name":"(anonymous_2)","decl":{"start":{"line":45,"column":11},"end":{"line":45,"column":15}},"loc":{"start":{"line":45,"column":19},"end":{"line":45,"column":59}},"line":45},"3":{"name":"getTitleFromBody","decl":{"start":{"line":57,"column":16},"end":{"line":57,"column":32}},"loc":{"start":{"line":57,"column":39},"end":{"line":60,"column":1}},"line":57},"4":{"name":"cleanText","decl":{"start":{"line":65,"column":16},"end":{"line":65,"column":25}},"loc":{"start":{"line":65,"column":32},"end":{"line":88,"column":1}},"line":65},"5":{"name":"getExcerpt","decl":{"start":{"line":93,"column":16},"end":{"line":93,"column":26}},"loc":{"start":{"line":93,"column":50},"end":{"line":125,"column":1}},"line":93},"6":{"name":"generateId","decl":{"start":{"line":130,"column":16},"end":{"line":130,"column":26}},"loc":{"start":{"line":130,"column":33},"end":{"line":136,"column":1}},"line":130},"7":{"name":"sortPosts","decl":{"start":{"line":141,"column":16},"end":{"line":141,"column":25}},"loc":{"start":{"line":141,"column":33},"end":{"line":159,"column":1}},"line":141},"8":{"name":"(anonymous_8)","decl":{"start":{"line":142,"column":25},"end":{"line":142,"column":26}},"loc":{"start":{"line":142,"column":35},"end":{"line":158,"column":3}},"line":142},"9":{"name":"createMarkedRenderer","decl":{"start":{"line":164,"column":16},"end":{"line":164,"column":36}},"loc":{"start":{"line":164,"column":39},"end":{"line":208,"column":1}},"line":164},"10":{"name":"(anonymous_10)","decl":{"start":{"line":168,"column":4},"end":{"line":168,"column":13}},"loc":{"start":{"line":168,"column":20},"end":{"line":175,"column":5}},"line":168},"11":{"name":"(anonymous_11)","decl":{"start":{"line":177,"column":4},"end":{"line":177,"column":11}},"loc":{"start":{"line":177,"column":25},"end":{"line":183,"column":5}},"line":177},"12":{"name":"(anonymous_12)","decl":{"start":{"line":185,"column":4},"end":{"line":185,"column":12}},"loc":{"start":{"line":185,"column":19},"end":{"line":187,"column":5}},"line":185},"13":{"name":"(anonymous_13)","decl":{"start":{"line":189,"column":4},"end":{"line":189,"column":8}},"loc":{"start":{"line":189,"column":28},"end":{"line":196,"column":5}},"line":189},"14":{"name":"(anonymous_14)","decl":{"start":{"line":198,"column":4},"end":{"line":198,"column":9}},"loc":{"start":{"line":198,"column":29},"end":{"line":201,"column":5}},"line":198},"15":{"name":"(anonymous_15)","decl":{"start":{"line":206,"column":19},"end":{"line":206,"column":20}},"loc":{"start":{"line":206,"column":25},"end":{"line":206,"column":49}},"line":206}},"branchMap":{"0":{"loc":{"start":{"line":9,"column":2},"end":{"line":9,"column":58}},"type":"if","locations":[{"start":{"line":9,"column":2},"end":{"line":9,"column":58}},{"start":{},"end":{}}],"line":9},"1":{"loc":{"start":{"line":16,"column":4},"end":{"line":16,"column":60}},"type":"if","locations":[{"start":{"line":16,"column":4},"end":{"line":16,"column":60}},{"start":{},"end":{}}],"line":16},"2":{"loc":{"start":{"line":19,"column":4},"end":{"line":19,"column":57}},"type":"if","locations":[{"start":{"line":19,"column":4},"end":{"line":19,"column":57}},{"start":{},"end":{}}],"line":19},"3":{"loc":{"start":{"line":22,"column":4},"end":{"line":32,"column":5}},"type":"if","locations":[{"start":{"line":22,"column":4},"end":{"line":32,"column":5}},{"start":{},"end":{}}],"line":22},"4":{"loc":{"start":{"line":24,"column":6},"end":{"line":31,"column":7}},"type":"if","locations":[{"start":{"line":24,"column":6},"end":{"line":31,"column":7}},{"start":{"line":26,"column":13},"end":{"line":31,"column":7}}],"line":24},"5":{"loc":{"start":{"line":26,"column":13},"end":{"line":31,"column":7}},"type":"if","locations":[{"start":{"line":26,"column":13},"end":{"line":31,"column":7}},{"start":{"line":28,"column":13},"end":{"line":31,"column":7}}],"line":26},"6":{"loc":{"start":{"line":30,"column":29},"end":{"line":30,"column":53}},"type":"cond-expr","locations":[{"start":{"line":30,"column":42},"end":{"line":30,"column":47}},{"start":{"line":30,"column":50},"end":{"line":30,"column":53}}],"line":30},"7":{"loc":{"start":{"line":35,"column":4},"end":{"line":35,"column":64}},"type":"if","locations":[{"start":{"line":35,"column":4},"end":{"line":35,"column":64}},{"start":{},"end":{}}],"line":35},"8":{"loc":{"start":{"line":38,"column":4},"end":{"line":38,"column":57}},"type":"if","locations":[{"start":{"line":38,"column":4},"end":{"line":38,"column":57}},{"start":{},"end":{}}],"line":38},"9":{"loc":{"start":{"line":42,"column":2},"end":{"line":49,"column":3}},"type":"if","locations":[{"start":{"line":42,"column":2},"end":{"line":49,"column":3}},{"start":{"line":47,"column":9},"end":{"line":49,"column":3}}],"line":42},"10":{"loc":{"start":{"line":59,"column":9},"end":{"line":59,"column":39}},"type":"cond-expr","locations":[{"start":{"line":59,"column":17},"end":{"line":59,"column":32}},{"start":{"line":59,"column":35},"end":{"line":59,"column":39}}],"line":59},"11":{"loc":{"start":{"line":93,"column":33},"end":{"line":93,"column":48}},"type":"default-arg","locations":[{"start":{"line":93,"column":45},"end":{"line":93,"column":48}}],"line":93},"12":{"loc":{"start":{"line":98,"column":2},"end":{"line":103,"column":3}},"type":"if","locations":[{"start":{"line":98,"column":2},"end":{"line":103,"column":3}},{"start":{},"end":{}}],"line":98},"13":{"loc":{"start":{"line":98,"column":6},"end":{"line":98,"column":54}},"type":"binary-expr","locations":[{"start":{"line":98,"column":6},"end":{"line":98,"column":23}},{"start":{"line":98,"column":27},"end":{"line":98,"column":54}}],"line":98},"14":{"loc":{"start":{"line":100,"column":4},"end":{"line":102,"column":5}},"type":"if","locations":[{"start":{"line":100,"column":4},"end":{"line":102,"column":5}},{"start":{},"end":{}}],"line":100},"15":{"loc":{"start":{"line":101,"column":13},"end":{"line":101,"column":78}},"type":"cond-expr","locations":[{"start":{"line":101,"column":39},"end":{"line":101,"column":71}},{"start":{"line":101,"column":74},"end":{"line":101,"column":78}}],"line":101},"16":{"loc":{"start":{"line":111,"column":4},"end":{"line":120,"column":5}},"type":"if","locations":[{"start":{"line":111,"column":4},"end":{"line":120,"column":5}},{"start":{},"end":{}}],"line":111},"17":{"loc":{"start":{"line":114,"column":22},"end":{"line":114,"column":87}},"type":"cond-expr","locations":[{"start":{"line":114,"column":34},"end":{"line":114,"column":72}},{"start":{"line":114,"column":75},"end":{"line":114,"column":87}}],"line":114},"18":{"loc":{"start":{"line":117,"column":6},"end":{"line":119,"column":7}},"type":"if","locations":[{"start":{"line":117,"column":6},"end":{"line":119,"column":7}},{"start":{},"end":{}}],"line":117},"19":{"loc":{"start":{"line":118,"column":15},"end":{"line":118,"column":80}},"type":"cond-expr","locations":[{"start":{"line":118,"column":41},"end":{"line":118,"column":73}},{"start":{"line":118,"column":76},"end":{"line":118,"column":80}}],"line":118},"20":{"loc":{"start":{"line":124,"column":9},"end":{"line":124,"column":74}},"type":"cond-expr","locations":[{"start":{"line":124,"column":35},"end":{"line":124,"column":67}},{"start":{"line":124,"column":70},"end":{"line":124,"column":74}}],"line":124},"21":{"loc":{"start":{"line":131,"column":9},"end":{"line":135,"column":16}},"type":"binary-expr","locations":[{"start":{"line":131,"column":9},"end":{"line":134,"column":40}},{"start":{"line":135,"column":7},"end":{"line":135,"column":16}}],"line":131},"22":{"loc":{"start":{"line":145,"column":22},"end":{"line":145,"column":52}},"type":"binary-expr","locations":[{"start":{"line":145,"column":22},"end":{"line":145,"column":39}},{"start":{"line":145,"column":43},"end":{"line":145,"column":52}}],"line":145},"23":{"loc":{"start":{"line":146,"column":22},"end":{"line":146,"column":52}},"type":"binary-expr","locations":[{"start":{"line":146,"column":22},"end":{"line":146,"column":39}},{"start":{"line":146,"column":43},"end":{"line":146,"column":52}}],"line":146},"24":{"loc":{"start":{"line":148,"column":4},"end":{"line":148,"column":42}},"type":"if","locations":[{"start":{"line":148,"column":4},"end":{"line":148,"column":42}},{"start":{},"end":{}}],"line":148},"25":{"loc":{"start":{"line":148,"column":8},"end":{"line":148,"column":31}},"type":"binary-expr","locations":[{"start":{"line":148,"column":8},"end":{"line":148,"column":17}},{"start":{"line":148,"column":21},"end":{"line":148,"column":31}}],"line":148},"26":{"loc":{"start":{"line":149,"column":4},"end":{"line":149,"column":41}},"type":"if","locations":[{"start":{"line":149,"column":4},"end":{"line":149,"column":41}},{"start":{},"end":{}}],"line":149},"27":{"loc":{"start":{"line":149,"column":8},"end":{"line":149,"column":31}},"type":"binary-expr","locations":[{"start":{"line":149,"column":8},"end":{"line":149,"column":18}},{"start":{"line":149,"column":22},"end":{"line":149,"column":31}}],"line":149},"28":{"loc":{"start":{"line":151,"column":4},"end":{"line":155,"column":5}},"type":"if","locations":[{"start":{"line":151,"column":4},"end":{"line":155,"column":5}},{"start":{},"end":{}}],"line":151},"29":{"loc":{"start":{"line":151,"column":8},"end":{"line":151,"column":30}},"type":"binary-expr","locations":[{"start":{"line":151,"column":8},"end":{"line":151,"column":17}},{"start":{"line":151,"column":21},"end":{"line":151,"column":30}}],"line":151},"30":{"loc":{"start":{"line":152,"column":6},"end":{"line":152,"column":44}},"type":"if","locations":[{"start":{"line":152,"column":6},"end":{"line":152,"column":44}},{"start":{},"end":{}}],"line":152},"31":{"loc":{"start":{"line":152,"column":10},"end":{"line":152,"column":33}},"type":"binary-expr","locations":[{"start":{"line":152,"column":10},"end":{"line":152,"column":19}},{"start":{"line":152,"column":23},"end":{"line":152,"column":33}}],"line":152},"32":{"loc":{"start":{"line":153,"column":6},"end":{"line":153,"column":43}},"type":"if","locations":[{"start":{"line":153,"column":6},"end":{"line":153,"column":43}},{"start":{},"end":{}}],"line":153},"33":{"loc":{"start":{"line":153,"column":10},"end":{"line":153,"column":33}},"type":"binary-expr","locations":[{"start":{"line":153,"column":10},"end":{"line":153,"column":20}},{"start":{"line":153,"column":24},"end":{"line":153,"column":33}}],"line":153},"34":{"loc":{"start":{"line":154,"column":6},"end":{"line":154,"column":60}},"type":"if","locations":[{"start":{"line":154,"column":6},"end":{"line":154,"column":60}},{"start":{},"end":{}}],"line":154},"35":{"loc":{"start":{"line":154,"column":10},"end":{"line":154,"column":32}},"type":"binary-expr","locations":[{"start":{"line":154,"column":10},"end":{"line":154,"column":19}},{"start":{"line":154,"column":23},"end":{"line":154,"column":32}}],"line":154},"36":{"loc":{"start":{"line":170,"column":6},"end":{"line":173,"column":7}},"type":"if","locations":[{"start":{"line":170,"column":6},"end":{"line":173,"column":7}},{"start":{},"end":{}}],"line":170},"37":{"loc":{"start":{"line":179,"column":20},"end":{"line":179,"column":45}},"type":"binary-expr","locations":[{"start":{"line":179,"column":20},"end":{"line":179,"column":40}},{"start":{"line":179,"column":44},"end":{"line":179,"column":45}}],"line":179},"38":{"loc":{"start":{"line":181,"column":17},"end":{"line":181,"column":60}},"type":"cond-expr","locations":[{"start":{"line":181,"column":31},"end":{"line":181,"column":37}},{"start":{"line":181,"column":40},"end":{"line":181,"column":60}}],"line":181},"39":{"loc":{"start":{"line":190,"column":25},"end":{"line":190,"column":92}},"type":"binary-expr","locations":[{"start":{"line":190,"column":25},"end":{"line":190,"column":29}},{"start":{"line":190,"column":34},"end":{"line":190,"column":60}},{"start":{"line":190,"column":64},"end":{"line":190,"column":91}}],"line":190},"40":{"loc":{"start":{"line":191,"column":24},"end":{"line":191,"column":56}},"type":"cond-expr","locations":[{"start":{"line":191,"column":32},"end":{"line":191,"column":51}},{"start":{"line":191,"column":54},"end":{"line":191,"column":56}}],"line":191},"41":{"loc":{"start":{"line":192,"column":6},"end":{"line":194,"column":7}},"type":"if","locations":[{"start":{"line":192,"column":6},"end":{"line":194,"column":7}},{"start":{},"end":{}}],"line":192},"42":{"loc":{"start":{"line":199,"column":24},"end":{"line":199,"column":56}},"type":"cond-expr","locations":[{"start":{"line":199,"column":32},"end":{"line":199,"column":51}},{"start":{"line":199,"column":54},"end":{"line":199,"column":56}}],"line":199},"43":{"loc":{"start":{"line":200,"column":40},"end":{"line":200,"column":50}},"type":"binary-expr","locations":[{"start":{"line":200,"column":40},"end":{"line":200,"column":44}},{"start":{"line":200,"column":48},"end":{"line":200,"column":50}}],"line":200}},"s":{"0":7,"1":7,"2":7,"3":1,"4":6,"5":6,"6":6,"7":13,"8":13,"9":3,"10":13,"11":13,"12":1,"13":13,"14":13,"15":4,"16":4,"17":1,"18":3,"19":1,"20":2,"21":2,"22":13,"23":13,"24":1,"25":13,"26":13,"27":1,"28":6,"29":6,"30":1,"31":2,"32":5,"33":6,"34":3,"35":3,"36":15,"37":4,"38":4,"39":4,"40":1,"41":1,"42":1,"43":3,"44":7,"45":7,"46":7,"47":7,"48":2,"49":2,"50":2,"51":2,"52":2,"53":2,"54":1,"55":1,"56":8,"57":3,"58":10,"59":10,"60":10,"61":10,"62":10,"63":1,"64":9,"65":1,"66":8,"67":3,"68":0,"69":3,"70":2,"71":1,"72":1,"73":5,"74":1,"75":1,"76":11,"77":11,"78":1,"79":1,"80":10,"81":3,"82":3,"83":3,"84":3,"85":3,"86":1,"87":5,"88":5,"89":5,"90":3,"91":2,"92":3,"93":3,"94":1,"95":0,"96":1,"97":1},"f":{"0":7,"1":13,"2":2,"3":3,"4":15,"5":4,"6":8,"7":3,"8":10,"9":1,"10":11,"11":3,"12":1,"13":5,"14":3,"15":0},"b":{"0":[1,6],"1":[3,10],"2":[1,12],"3":[4,9],"4":[1,3],"5":[1,2],"6":[1,1],"7":[1,12],"8":[1,12],"9":[1,5],"10":[2,1],"11":[4],"12":[1,3],"13":[4,3],"14":[1,0],"15":[0,1],"16":[2,5],"17":[0,2],"18":[2,0],"19":[1,1],"20":[0,1],"21":[8,1],"22":[10,7],"23":[10,9],"24":[1,9],"25":[10,4],"26":[1,8],"27":[9,6],"28":[3,5],"29":[8,3],"30":[0,3],"31":[3,1],"32":[2,1],"33":[3,2],"34":[1,0],"35":[1,1],"36":[1,10],"37":[3,2],"38":[2,1],"39":[5,5,4],"40":[1,4],"41":[3,2],"42":[1,2],"43":[3,1]},"meta":{"lastBranch":44,"lastFunction":16,"lastStatement":98,"seen":{"f:6:16:6:32":0,"s:7:21:7:72":0,"s:8:16:8:69":1,"b:9:2:9:58:undefined:undefined:undefined:undefined":0,"s:9:2:9:58":2,"s:9:14:9:58":3,"s:11:28:11:33":4,"s:12:22:12:24":5,"s:14:2:39:4":6,"f:14:30:14:34":1,"s:15:23:15:52":7,"b:16:4:16:60:undefined:undefined:undefined:undefined":1,"s:16:4:16:60":8,"s:16:20:16:60":9,"s:18:22:18:50":10,"b:19:4:19:57:undefined:undefined:undefined:undefined":2,"s:19:4:19:57":11,"s:19:19:19:57":12,"s:21:24:21:55":13,"b:22:4:32:5:undefined:undefined:undefined:undefined":3,"s:22:4:32:5":14,"s:23:20:23:55":15,"b:24:6:31:7:26:13:31:7":4,"s:24:6:31:7":16,"s:25:8:25:33":17,"b:26:13:31:7:28:13:31:7":5,"s:26:13:31:7":18,"s:27:8:27:34":19,"s:29:20:29:39":20,"s:30:8:30:53":21,"b:30:42:30:47:30:50:30:53":6,"s:34:22:34:57":22,"b:35:4:35:64:undefined:undefined:undefined:undefined":7,"s:35:4:35:64":23,"s:35:19:35:64":24,"s:37:22:37:50":25,"b:38:4:38:57:undefined:undefined:undefined:undefined":8,"s:38:4:38:57":26,"s:38:19:38:57":27,"s:41:20:41:66":28,"b:42:2:49:3:47:9:49:3":9,"s:42:2:49:3":29,"s:43:4:46:22":30,"f:45:11:45:15":2,"s:45:19:45:59":31,"s:48:4:48:25":32,"s:51:2:51:30":33,"f:57:16:57:32":3,"s:58:16:58:41":34,"s:59:2:59:39":35,"b:59:17:59:32:59:35:59:39":10,"f:65:16:65:25":4,"s:66:2:87:11":36,"f:93:16:93:26":5,"b:93:45:93:48":11,"s:94:22:94:57":37,"s:97:28:97:60":38,"b:98:2:103:3:undefined:undefined:undefined:undefined":12,"s:98:2:103:3":39,"b:98:6:98:23:98:27:98:54":13,"s:99:17:99:73":40,"b:100:4:102:5:undefined:undefined:undefined:undefined":14,"s:100:4:102:5":41,"s:101:6:101:78":42,"b:101:39:101:71:101:74:101:78":15,"s:106:2:121:3":43,"s:107:19:107:36":44,"s:108:25:108:66":45,"s:110:25:110:56":46,"b:111:4:120:5:undefined:undefined:undefined:undefined":16,"s:111:4:120:5":47,"s:112:27:112:89":48,"s:113:24:113:57":49,"s:114:22:114:87":50,"b:114:34:114:72:114:75:114:87":17,"s:116:19:116:37":51,"b:117:6:119:7:undefined:undefined:undefined:undefined":18,"s:117:6:119:7":52,"s:118:8:118:80":53,"b:118:41:118:73:118:76:118:80":19,"s:123:15:123:37":54,"s:124:2:124:74":55,"b:124:35:124:67:124:70:124:74":20,"f:130:16:130:26":6,"s:131:2:135:16":56,"b:131:9:134:40:135:7:135:16":21,"f:141:16:141:25":7,"s:142:2:158:4":57,"f:142:25:142:26":8,"s:143:22:143:50":58,"s:144:22:144:50":59,"s:145:22:145:52":60,"b:145:22:145:39:145:43:145:52":22,"s:146:22:146:52":61,"b:146:22:146:39:146:43:146:52":23,"b:148:4:148:42:undefined:undefined:undefined:undefined":24,"s:148:4:148:42":62,"b:148:8:148:17:148:21:148:31":25,"s:148:33:148:42":63,"b:149:4:149:41:undefined:undefined:undefined:undefined":26,"s:149:4:149:41":64,"b:149:8:149:18:149:22:149:31":27,"s:149:33:149:41":65,"b:151:4:155:5:undefined:undefined:undefined:undefined":28,"s:151:4:155:5":66,"b:151:8:151:17:151:21:151:30":29,"b:152:6:152:44:undefined:undefined:undefined:undefined":30,"s:152:6:152:44":67,"b:152:10:152:19:152:23:152:33":31,"s:152:35:152:44":68,"b:153:6:153:43:undefined:undefined:undefined:undefined":32,"s:153:6:153:43":69,"b:153:10:153:20:153:24:153:33":33,"s:153:35:153:43":70,"b:154:6:154:60:undefined:undefined:undefined:undefined":34,"s:154:6:154:60":71,"b:154:10:154:19:154:23:154:32":35,"s:154:34:154:60":72,"s:157:4:157:66":73,"f:164:16:164:36":9,"s:165:17:165:26":74,"s:167:19:202:3":75,"f:168:4:168:13":10,"s:169:27:169:61":76,"b:170:6:173:7:undefined:undefined:undefined:undefined":36,"s:170:6:173:7":77,"s:171:22:171:44":78,"s:172:8:172:96":79,"s:174:6:174:29":80,"f:177:4:177:11":11,"s:178:21:178:45":81,"s:179:20:179:45":82,"b:179:20:179:40:179:44:179:45":37,"s:180:6:180:37":83,"s:181:17:181:60":84,"b:181:31:181:37:181:40:181:60":38,"s:182:6:182:121":85,"f:185:4:185:12":12,"s:186:6:186:55":86,"f:189:4:189:8":13,"s:190:25:190:92":87,"b:190:25:190:29:190:34:190:60:190:64:190:91":39,"s:191:24:191:56":88,"b:191:32:191:51:191:54:191:56":40,"b:192:6:194:7:undefined:undefined:undefined:undefined":41,"s:192:6:194:7":89,"s:193:8:193:100":90,"s:195:6:195:56":91,"f:198:4:198:9":14,"s:199:24:199:56":92,"b:199:32:199:51:199:54:199:56":42,"s:200:6:200:83":93,"b:200:40:200:44:200:48:200:50":43,"s:204:2:207:3":94,"f:206:19:206:20":15,"s:206:27:206:47":95,"s:211:21:211:43":96,"s:212:0:212:24":97}}}
}
